I, [2014-04-06T22:09:45.878400 #5416]  INFO -- : Started GET "/" for 127.0.0.1 at 2014-04-06 22:09:45 -0500
I, [2014-04-06T22:09:45.948404 #5416]  INFO -- : Processing by StoreController#index as HTML
I, [2014-04-06T22:09:45.988406 #5416]  INFO -- : Completed 500 Internal Server Error in 40ms
F, [2014-04-06T22:09:45.996406 #5416] FATAL -- : 
ActiveRecord::StatementInvalid (Could not find table 'carts'):
  app/controllers/concerns/current_cart.rb:14:in `set_cart'


I, [2014-04-06T22:09:47.921516 #5416]  INFO -- : Started GET "/" for 127.0.0.1 at 2014-04-06 22:09:47 -0500
I, [2014-04-06T22:09:47.928517 #5416]  INFO -- : Processing by StoreController#index as HTML
I, [2014-04-06T22:09:47.933517 #5416]  INFO -- : Completed 500 Internal Server Error in 3ms
F, [2014-04-06T22:09:47.942518 #5416] FATAL -- : 
ActiveRecord::StatementInvalid (Could not find table 'carts'):
  app/controllers/concerns/current_cart.rb:14:in `set_cart'


I, [2014-04-06T22:09:58.119100 #5416]  INFO -- : Started GET "/carts/_cart" for 127.0.0.1 at 2014-04-06 22:09:58 -0500
I, [2014-04-06T22:09:58.123100 #5416]  INFO -- : Processing by CartsController#show as HTML
I, [2014-04-06T22:09:58.123100 #5416]  INFO -- :   Parameters: {"id"=>"_cart"}
I, [2014-04-06T22:09:58.125100 #5416]  INFO -- : Completed 500 Internal Server Error in 2ms
F, [2014-04-06T22:09:58.128100 #5416] FATAL -- : 
ActiveRecord::StatementInvalid (Could not find table 'carts'):
  app/controllers/carts_controller.rb:71:in `set_cart'


I, [2014-04-06T22:10:00.201219 #5416]  INFO -- : Started GET "/carts/_cart" for 127.0.0.1 at 2014-04-06 22:10:00 -0500
I, [2014-04-06T22:10:00.208219 #5416]  INFO -- : Processing by CartsController#show as HTML
I, [2014-04-06T22:10:00.208219 #5416]  INFO -- :   Parameters: {"id"=>"_cart"}
I, [2014-04-06T22:10:00.212219 #5416]  INFO -- : Completed 500 Internal Server Error in 3ms
F, [2014-04-06T22:10:00.215220 #5416] FATAL -- : 
ActiveRecord::StatementInvalid (Could not find table 'carts'):
  app/controllers/carts_controller.rb:71:in `set_cart'


